Rasa process starting
Added 'nlp_spacy' to component cache. Key 'nlp_spacy-en'.
Rasa Core server is up and running on http://localhost:5005
Failed to run custom action 'action_match_news'. Couldn't connect to the server at 'http://localhost:5055'. Is the server running? Error: HTTPConnectionPool(host='localhost', port=5055): Max retries exceeded with url: / (Caused by NewConnectionError('<urllib3.connection.HTTPConnection object at 0x7f94e00c6550>: Failed to establish a new connection: [Errno 111] Connection refused',))
Encountered an exception while running action 'action_match_news'. Bot will continue, but the actions events are lost. Make sure to fix the exception in your custom code.
Rasa process starting
Added 'nlp_spacy' to component cache. Key 'nlp_spacy-en'.
Rasa Core server is up and running on http://localhost:5005
Failed to run custom action 'action_match_news'. Couldn't connect to the server at 'http://localhost:5055'. Is the server running? Error: HTTPConnectionPool(host='localhost', port=5055): Max retries exceeded with url: / (Caused by NewConnectionError('<urllib3.connection.HTTPConnection object at 0x7f58f4d109e8>: Failed to establish a new connection: [Errno 111] Connection refused',))
Encountered an exception while running action 'action_match_news'. Bot will continue, but the actions events are lost. Make sure to fix the exception in your custom code.
Rasa process starting
Added 'nlp_spacy' to component cache. Key 'nlp_spacy-en'.
Rasa Core server is up and running on http://localhost:5005
Failed to run custom action 'action_match_news'. Action server responded with a non 200 status code of 404. Make sure your action server properly runs actions and returns a 200 once the action is executed. Error: 404 Client Error: NOT FOUND for url: http://localhost:5055/
Encountered an exception while running action 'action_match_news'. Bot will continue, but the actions events are lost. Make sure to fix the exception in your custom code.
Rasa process starting
Added 'nlp_spacy' to component cache. Key 'nlp_spacy-en'.
Rasa Core server is up and running on http://localhost:5005
Failed to run custom action 'action_match_news'. Action server responded with a non 200 status code of 404. Make sure your action server properly runs actions and returns a 200 once the action is executed. Error: 404 Client Error: NOT FOUND for url: http://localhost:5055/
Encountered an exception while running action 'action_match_news'. Bot will continue, but the actions events are lost. Make sure to fix the exception in your custom code.
Rasa process starting
Added 'nlp_spacy' to component cache. Key 'nlp_spacy-en'.
Rasa Core server is up and running on http://localhost:5005
Failed to run custom action 'action_match_news'. Action server responded with a non 200 status code of 404. Make sure your action server properly runs actions and returns a 200 once the action is executed. Error: 404 Client Error: NOT FOUND for url: http://localhost:5055/
Encountered an exception while running action 'action_match_news'. Bot will continue, but the actions events are lost. Make sure to fix the exception in your custom code.
Rasa process starting
Added 'nlp_spacy' to component cache. Key 'nlp_spacy-en'.
Rasa Core server is up and running on http://localhost:5005
Failed to run custom action 'action_match_news'. Action server responded with a non 200 status code of 404. Make sure your action server properly runs actions and returns a 200 once the action is executed. Error: 404 Client Error: NOT FOUND for url: http://localhost:5055/
Encountered an exception while running action 'action_match_news'. Bot will continue, but the actions events are lost. Make sure to fix the exception in your custom code.
Rasa process starting
Added 'nlp_spacy' to component cache. Key 'nlp_spacy-en'.
Rasa Core server is up and running on http://localhost:5005
Failed to run custom action 'action_match_news'. Action server responded with a non 200 status code of 404. Make sure your action server properly runs actions and returns a 200 once the action is executed. Error: 404 Client Error: NOT FOUND for url: http://localhost:5055/
Encountered an exception while running action 'action_match_news'. Bot will continue, but the actions events are lost. Make sure to fix the exception in your custom code.
Failed to run custom action 'action_match_news'. Action server responded with a non 200 status code of 404. Make sure your action server properly runs actions and returns a 200 once the action is executed. Error: 404 Client Error: NOT FOUND for url: http://localhost:5055/
Encountered an exception while running action 'action_match_news'. Bot will continue, but the actions events are lost. Make sure to fix the exception in your custom code.
Rasa process starting
Added 'nlp_spacy' to component cache. Key 'nlp_spacy-en'.
Rasa Core server is up and running on http://localhost:5005
Rasa process starting
Added 'nlp_spacy' to component cache. Key 'nlp_spacy-en'.
Rasa Core server is up and running on http://localhost:5005
Failed to run custom action 'action_match_news'. Action server responded with a non 200 status code of 404. Make sure your action server properly runs actions and returns a 200 once the action is executed. Error: 404 Client Error: NOT FOUND for url: http://localhost:5055/
Encountered an exception while running action 'action_match_news'. Bot will continue, but the actions events are lost. Make sure to fix the exception in your custom code.
Failed to run custom action 'action_match_news'. Action server responded with a non 200 status code of 404. Make sure your action server properly runs actions and returns a 200 once the action is executed. Error: 404 Client Error: NOT FOUND for url: http://localhost:5055/
Encountered an exception while running action 'action_match_news'. Bot will continue, but the actions events are lost. Make sure to fix the exception in your custom code.
Failed to run custom action 'action_match_news'. Action server responded with a non 200 status code of 404. Make sure your action server properly runs actions and returns a 200 once the action is executed. Error: 404 Client Error: NOT FOUND for url: http://localhost:5055/
Encountered an exception while running action 'action_match_news'. Bot will continue, but the actions events are lost. Make sure to fix the exception in your custom code.
Failed to run custom action 'action_match_news'. Action server responded with a non 200 status code of 404. Make sure your action server properly runs actions and returns a 200 once the action is executed. Error: 404 Client Error: NOT FOUND for url: http://localhost:5055/
Encountered an exception while running action 'action_match_news'. Bot will continue, but the actions events are lost. Make sure to fix the exception in your custom code.
Rasa process starting
Added 'nlp_spacy' to component cache. Key 'nlp_spacy-en'.
Rasa Core server is up and running on http://localhost:5005
Encountered an exception while running action 'action_match_news'. Bot will continue, but the actions events are lost. Make sure to fix the exception in your custom code.
Rasa process starting
Added 'nlp_spacy' to component cache. Key 'nlp_spacy-en'.
Rasa Core server is up and running on http://localhost:5005
Encountered an exception while running action 'action_match_news'. Bot will continue, but the actions events are lost. Make sure to fix the exception in your custom code.
Rasa process starting
Added 'nlp_spacy' to component cache. Key 'nlp_spacy-en'.
Rasa Core server is up and running on http://localhost:5005
Encountered an exception while running action 'action_match_news'. Bot will continue, but the actions events are lost. Make sure to fix the exception in your custom code.
Rasa process starting
Added 'nlp_spacy' to component cache. Key 'nlp_spacy-en'.
Rasa Core server is up and running on http://localhost:5005
Failed to run custom action 'action_match_news'. Action server responded with a non 200 status code of 404. Make sure your action server properly runs actions and returns a 200 once the action is executed. Error: 404 Client Error: NOT FOUND for url: http://localhost:5055/
Encountered an exception while running action 'action_match_news'. Bot will continue, but the actions events are lost. Make sure to fix the exception in your custom code.
Rasa process starting
Added 'nlp_spacy' to component cache. Key 'nlp_spacy-en'.
Rasa Core server is up and running on http://localhost:5005
Failed to run custom action 'action_match_news'. Action server responded with a non 200 status code of 404. Make sure your action server properly runs actions and returns a 200 once the action is executed. Error: 404 Client Error: NOT FOUND for url: http://localhost:5055/
Encountered an exception while running action 'action_match_news'. Bot will continue, but the actions events are lost. Make sure to fix the exception in your custom code.
Rasa process starting
Added 'nlp_spacy' to component cache. Key 'nlp_spacy-en'.
Rasa Core server is up and running on http://localhost:5005
Failed to run custom action 'action_match_news'. Action server responded with a non 200 status code of 404. Make sure your action server properly runs actions and returns a 200 once the action is executed. Error: 404 Client Error: NOT FOUND for url: http://localhost:5055/
Encountered an exception while running action 'action_match_news'. Bot will continue, but the actions events are lost. Make sure to fix the exception in your custom code.
Rasa process starting
Added 'nlp_spacy' to component cache. Key 'nlp_spacy-en'.
Rasa Core server is up and running on http://localhost:5005
Failed to run custom action 'action_match_news'. Action server responded with a non 200 status code of 404. Make sure your action server properly runs actions and returns a 200 once the action is executed. Error: 404 Client Error: NOT FOUND for url: http://localhost:5055/
Encountered an exception while running action 'action_match_news'. Bot will continue, but the actions events are lost. Make sure to fix the exception in your custom code.
Rasa process starting
Added 'nlp_spacy' to component cache. Key 'nlp_spacy-en'.
Rasa Core server is up and running on http://localhost:5005
Failed to run custom action 'action_match_news'. Action server responded with a non 200 status code of 404. Make sure your action server properly runs actions and returns a 200 once the action is executed. Error: 404 Client Error: NOT FOUND for url: http://localhost:5055/
Encountered an exception while running action 'action_match_news'. Bot will continue, but the actions events are lost. Make sure to fix the exception in your custom code.
Failed to run custom action 'action_match_news'. Action server responded with a non 200 status code of 404. Make sure your action server properly runs actions and returns a 200 once the action is executed. Error: 404 Client Error: NOT FOUND for url: http://localhost:5055/
Encountered an exception while running action 'action_match_news'. Bot will continue, but the actions events are lost. Make sure to fix the exception in your custom code.
Failed to run custom action 'action_match_news'. Action server responded with a non 200 status code of 404. Make sure your action server properly runs actions and returns a 200 once the action is executed. Error: 404 Client Error: NOT FOUND for url: http://localhost:5055/
Encountered an exception while running action 'action_match_news'. Bot will continue, but the actions events are lost. Make sure to fix the exception in your custom code.
Failed to run custom action 'action_match_news'. Action server responded with a non 200 status code of 404. Make sure your action server properly runs actions and returns a 200 once the action is executed. Error: 404 Client Error: NOT FOUND for url: http://localhost:5055/
Encountered an exception while running action 'action_match_news'. Bot will continue, but the actions events are lost. Make sure to fix the exception in your custom code.
Rasa process starting
Added 'nlp_spacy' to component cache. Key 'nlp_spacy-en'.
Rasa Core server is up and running on http://localhost:5005
Failed to run custom action 'action_match_news'. Action server responded with a non 200 status code of 500. Make sure your action server properly runs actions and returns a 200 once the action is executed. Error: 500 Server Error: INTERNAL SERVER ERROR for url: http://localhost:5055/webhook
Encountered an exception while running action 'action_match_news'. Bot will continue, but the actions events are lost. Make sure to fix the exception in your custom code.
Rasa process starting
Added 'nlp_spacy' to component cache. Key 'nlp_spacy-en'.
Rasa Core server is up and running on http://localhost:5005
Failed to run custom action 'action_match_news'. Couldn't connect to the server at 'https://localhost:5055/webhook'. Is the server running? Error: HTTPSConnectionPool(host='localhost', port=5055): Max retries exceeded with url: /webhook (Caused by SSLError(SSLError("bad handshake: Error([('SSL routines', 'ssl3_get_record', 'wrong version number')],)",),))
Encountered an exception while running action 'action_match_news'. Bot will continue, but the actions events are lost. Make sure to fix the exception in your custom code.
Failed to run custom action 'action_match_news'. Couldn't connect to the server at 'https://localhost:5055/webhook'. Is the server running? Error: HTTPSConnectionPool(host='localhost', port=5055): Max retries exceeded with url: /webhook (Caused by SSLError(SSLError("bad handshake: Error([('SSL routines', 'ssl3_get_record', 'wrong version number')],)",),))
Encountered an exception while running action 'action_match_news'. Bot will continue, but the actions events are lost. Make sure to fix the exception in your custom code.
Failed to run custom action 'action_match_news'. Couldn't connect to the server at 'https://localhost:5055/webhook'. Is the server running? Error: HTTPSConnectionPool(host='localhost', port=5055): Max retries exceeded with url: /webhook (Caused by SSLError(SSLError("bad handshake: Error([('SSL routines', 'ssl3_get_record', 'wrong version number')],)",),))
Encountered an exception while running action 'action_match_news'. Bot will continue, but the actions events are lost. Make sure to fix the exception in your custom code.
Rasa process starting
Added 'nlp_spacy' to component cache. Key 'nlp_spacy-en'.
Rasa Core server is up and running on http://localhost:5005
Failed to run custom action 'action_match_news'. Couldn't connect to the server at 'https://localhost:5055/'. Is the server running? Error: HTTPSConnectionPool(host='localhost', port=5055): Max retries exceeded with url: / (Caused by SSLError(SSLError("bad handshake: Error([('SSL routines', 'ssl3_get_record', 'wrong version number')],)",),))
Encountered an exception while running action 'action_match_news'. Bot will continue, but the actions events are lost. Make sure to fix the exception in your custom code.
Failed to run custom action 'action_match_news'. Couldn't connect to the server at 'https://localhost:5055/'. Is the server running? Error: HTTPSConnectionPool(host='localhost', port=5055): Max retries exceeded with url: / (Caused by NewConnectionError('<urllib3.connection.VerifiedHTTPSConnection object at 0x7f813c2bcdd8>: Failed to establish a new connection: [Errno 111] Connection refused',))
Encountered an exception while running action 'action_match_news'. Bot will continue, but the actions events are lost. Make sure to fix the exception in your custom code.
Rasa process starting
Added 'nlp_spacy' to component cache. Key 'nlp_spacy-en'.
Rasa Core server is up and running on http://localhost:5005
Failed to run custom action 'action_match_news'. Couldn't connect to the server at 'https://localhost:5055'. Is the server running? Error: HTTPSConnectionPool(host='localhost', port=5055): Max retries exceeded with url: / (Caused by SSLError(SSLError("bad handshake: Error([('SSL routines', 'ssl3_get_record', 'wrong version number')],)",),))
Encountered an exception while running action 'action_match_news'. Bot will continue, but the actions events are lost. Make sure to fix the exception in your custom code.
Rasa process starting
Added 'nlp_spacy' to component cache. Key 'nlp_spacy-en'.
Rasa Core server is up and running on http://localhost:5005
Failed to run custom action 'action_match_news'. Couldn't connect to the server at 'https://localhost:5055'. Is the server running? Error: HTTPSConnectionPool(host='localhost', port=5055): Max retries exceeded with url: / (Caused by SSLError(SSLError("bad handshake: Error([('SSL routines', 'ssl3_get_record', 'wrong version number')],)",),))
Encountered an exception while running action 'action_match_news'. Bot will continue, but the actions events are lost. Make sure to fix the exception in your custom code.
Failed to run custom action 'action_match_news'. Couldn't connect to the server at 'https://localhost:5055'. Is the server running? Error: HTTPSConnectionPool(host='localhost', port=5055): Max retries exceeded with url: / (Caused by SSLError(SSLError("bad handshake: Error([('SSL routines', 'ssl3_get_record', 'wrong version number')],)",),))
Encountered an exception while running action 'action_match_news'. Bot will continue, but the actions events are lost. Make sure to fix the exception in your custom code.
Failed to run custom action 'action_match_news'. Couldn't connect to the server at 'https://localhost:5055'. Is the server running? Error: HTTPSConnectionPool(host='localhost', port=5055): Max retries exceeded with url: / (Caused by SSLError(SSLError("bad handshake: SysCallError(104, 'ECONNRESET')",),))
Encountered an exception while running action 'action_match_news'. Bot will continue, but the actions events are lost. Make sure to fix the exception in your custom code.
Failed to run custom action 'action_match_news'. Couldn't connect to the server at 'https://localhost:5055'. Is the server running? Error: HTTPSConnectionPool(host='localhost', port=5055): Max retries exceeded with url: / (Caused by NewConnectionError('<urllib3.connection.VerifiedHTTPSConnection object at 0x7f95dda07240>: Failed to establish a new connection: [Errno 111] Connection refused',))
Encountered an exception while running action 'action_match_news'. Bot will continue, but the actions events are lost. Make sure to fix the exception in your custom code.
Rasa process starting
Added 'nlp_spacy' to component cache. Key 'nlp_spacy-en'.
Rasa Core server is up and running on http://localhost:5005
Failed to run custom action 'action_match_news'. Couldn't connect to the server at 'https://localhost:5055'. Is the server running? Error: HTTPSConnectionPool(host='localhost', port=5055): Max retries exceeded with url: / (Caused by NewConnectionError('<urllib3.connection.VerifiedHTTPSConnection object at 0x7efd6871cac8>: Failed to establish a new connection: [Errno 111] Connection refused',))
Encountered an exception while running action 'action_match_news'. Bot will continue, but the actions events are lost. Make sure to fix the exception in your custom code.
Failed to run custom action 'action_match_news'. Couldn't connect to the server at 'https://localhost:5055'. Is the server running? Error: HTTPSConnectionPool(host='localhost', port=5055): Max retries exceeded with url: / (Caused by NewConnectionError('<urllib3.connection.VerifiedHTTPSConnection object at 0x7efd68409668>: Failed to establish a new connection: [Errno 111] Connection refused',))
Encountered an exception while running action 'action_match_news'. Bot will continue, but the actions events are lost. Make sure to fix the exception in your custom code.
Rasa process starting
Added 'nlp_spacy' to component cache. Key 'nlp_spacy-en'.
Rasa Core server is up and running on http://localhost:5005
Failed to run custom action 'action_match_news'. Couldn't connect to the server at 'https://localhost:5055/webhook/'. Is the server running? Error: HTTPSConnectionPool(host='localhost', port=5055): Max retries exceeded with url: /webhook/ (Caused by SSLError(SSLError("bad handshake: Error([('SSL routines', 'ssl3_get_record', 'wrong version number')],)",),))
Encountered an exception while running action 'action_match_news'. Bot will continue, but the actions events are lost. Make sure to fix the exception in your custom code.
Failed to run custom action 'action_match_news'. Couldn't connect to the server at 'https://localhost:5055/webhook/'. Is the server running? Error: HTTPSConnectionPool(host='localhost', port=5055): Max retries exceeded with url: /webhook/ (Caused by SSLError(SSLError("bad handshake: Error([('SSL routines', 'ssl3_get_record', 'wrong version number')],)",),))
Encountered an exception while running action 'action_match_news'. Bot will continue, but the actions events are lost. Make sure to fix the exception in your custom code.
Rasa process starting
Added 'nlp_spacy' to component cache. Key 'nlp_spacy-en'.
Rasa Core server is up and running on http://localhost:5005
Failed to run custom action 'action_match_news'. Action server responded with a non 200 status code of 404. Make sure your action server properly runs actions and returns a 200 once the action is executed. Error: 404 Client Error: NOT FOUND for url: http://localhost:5055/webhook/
Encountered an exception while running action 'action_match_news'. Bot will continue, but the actions events are lost. Make sure to fix the exception in your custom code.
Failed to run custom action 'action_match_news'. Action server responded with a non 200 status code of 404. Make sure your action server properly runs actions and returns a 200 once the action is executed. Error: 404 Client Error: NOT FOUND for url: http://localhost:5055/webhook/
Encountered an exception while running action 'action_match_news'. Bot will continue, but the actions events are lost. Make sure to fix the exception in your custom code.
Rasa process starting
Added 'nlp_spacy' to component cache. Key 'nlp_spacy-en'.
Rasa process starting
Added 'nlp_spacy' to component cache. Key 'nlp_spacy-en'.
Rasa process starting
Added 'nlp_spacy' to component cache. Key 'nlp_spacy-en'.
Rasa Core server is up and running on http://localhost:5005
Failed to run custom action 'action_match_news'. Action server responded with a non 200 status code of 404. Make sure your action server properly runs actions and returns a 200 once the action is executed. Error: 404 Client Error: NOT FOUND for url: http://localhost:5055/webhook/
Encountered an exception while running action 'action_match_news'. Bot will continue, but the actions events are lost. Make sure to fix the exception in your custom code.
Rasa process starting
Added 'nlp_spacy' to component cache. Key 'nlp_spacy-en'.
Rasa Core server is up and running on http://localhost:5005
Rasa process starting
Added 'nlp_spacy' to component cache. Key 'nlp_spacy-en'.
Rasa Core server is up and running on http://localhost:5005
Failed to run custom action 'action_match_news'. Action server responded with a non 200 status code of 404. Make sure your action server properly runs actions and returns a 200 once the action is executed. Error: 404 Client Error: NOT FOUND for url: http://localhost:5055/webhook/
Encountered an exception while running action 'action_match_news'. Bot will continue, but the actions events are lost. Make sure to fix the exception in your custom code.
Failed to run custom action 'action_match_news'. Action server responded with a non 200 status code of 404. Make sure your action server properly runs actions and returns a 200 once the action is executed. Error: 404 Client Error: NOT FOUND for url: http://localhost:5055/webhook/
Encountered an exception while running action 'action_match_news'. Bot will continue, but the actions events are lost. Make sure to fix the exception in your custom code.
Failed to run custom action 'action_match_news'. Action server responded with a non 200 status code of 404. Make sure your action server properly runs actions and returns a 200 once the action is executed. Error: 404 Client Error: NOT FOUND for url: http://localhost:5055/webhook/
Encountered an exception while running action 'action_match_news'. Bot will continue, but the actions events are lost. Make sure to fix the exception in your custom code.
Rasa process starting
Added 'nlp_spacy' to component cache. Key 'nlp_spacy-en'.
Rasa Core server is up and running on http://localhost:5005
Rasa process starting
Added 'nlp_spacy' to component cache. Key 'nlp_spacy-en'.
/home/bjit-554/anaconda3/envs/chatbot_env/lib/python3.6/site-packages/sklearn/externals/joblib/__init__.py:15: DeprecationWarning: sklearn.externals.joblib is deprecated in 0.21 and will be removed in 0.23. Please import this functionality directly from joblib, which can be installed with: pip install joblib. If this warning is raised when loading pickled models, you may need to re-serialize those models with scikit-learn 0.21+.
  warnings.warn(msg, category=DeprecationWarning)

/home/bjit-554/anaconda3/envs/chatbot_env/lib/python3.6/site-packages/sklearn/base.py:306: UserWarning: Trying to unpickle estimator LabelEncoder from version 0.20.2 when using version 0.21.1. This might lead to breaking code or invalid results. Use at your own risk.
  UserWarning)

/home/bjit-554/anaconda3/envs/chatbot_env/lib/python3.6/site-packages/sklearn/base.py:306: UserWarning: Trying to unpickle estimator SVC from version 0.20.2 when using version 0.21.1. This might lead to breaking code or invalid results. Use at your own risk.
  UserWarning)

Rasa process starting
Added 'nlp_spacy' to component cache. Key 'nlp_spacy-en'.
/home/bjit-554/anaconda3/envs/chatbot_env/lib/python3.6/site-packages/sklearn/externals/joblib/__init__.py:15: DeprecationWarning: sklearn.externals.joblib is deprecated in 0.21 and will be removed in 0.23. Please import this functionality directly from joblib, which can be installed with: pip install joblib. If this warning is raised when loading pickled models, you may need to re-serialize those models with scikit-learn 0.21+.
  warnings.warn(msg, category=DeprecationWarning)

/home/bjit-554/anaconda3/envs/chatbot_env/lib/python3.6/site-packages/sklearn/base.py:306: UserWarning: Trying to unpickle estimator LabelEncoder from version 0.20.2 when using version 0.21.1. This might lead to breaking code or invalid results. Use at your own risk.
  UserWarning)

/home/bjit-554/anaconda3/envs/chatbot_env/lib/python3.6/site-packages/sklearn/base.py:306: UserWarning: Trying to unpickle estimator SVC from version 0.20.2 when using version 0.21.1. This might lead to breaking code or invalid results. Use at your own risk.
  UserWarning)

Rasa process starting
Added 'nlp_spacy' to component cache. Key 'nlp_spacy-en'.
/home/bjit-554/anaconda3/envs/chatbot_env/lib/python3.6/site-packages/sklearn/externals/joblib/__init__.py:15: DeprecationWarning: sklearn.externals.joblib is deprecated in 0.21 and will be removed in 0.23. Please import this functionality directly from joblib, which can be installed with: pip install joblib. If this warning is raised when loading pickled models, you may need to re-serialize those models with scikit-learn 0.21+.
  warnings.warn(msg, category=DeprecationWarning)

/home/bjit-554/anaconda3/envs/chatbot_env/lib/python3.6/site-packages/sklearn/base.py:306: UserWarning: Trying to unpickle estimator LabelEncoder from version 0.20.2 when using version 0.21.1. This might lead to breaking code or invalid results. Use at your own risk.
  UserWarning)

/home/bjit-554/anaconda3/envs/chatbot_env/lib/python3.6/site-packages/sklearn/base.py:306: UserWarning: Trying to unpickle estimator SVC from version 0.20.2 when using version 0.21.1. This might lead to breaking code or invalid results. Use at your own risk.
  UserWarning)

Rasa process starting
Added 'nlp_spacy' to component cache. Key 'nlp_spacy-en'.
/home/bjit-554/anaconda3/envs/chatbot_env/lib/python3.6/site-packages/sklearn/externals/joblib/__init__.py:15: DeprecationWarning: sklearn.externals.joblib is deprecated in 0.21 and will be removed in 0.23. Please import this functionality directly from joblib, which can be installed with: pip install joblib. If this warning is raised when loading pickled models, you may need to re-serialize those models with scikit-learn 0.21+.
  warnings.warn(msg, category=DeprecationWarning)

/home/bjit-554/anaconda3/envs/chatbot_env/lib/python3.6/site-packages/sklearn/base.py:306: UserWarning: Trying to unpickle estimator LabelEncoder from version 0.20.2 when using version 0.21.1. This might lead to breaking code or invalid results. Use at your own risk.
  UserWarning)

/home/bjit-554/anaconda3/envs/chatbot_env/lib/python3.6/site-packages/sklearn/base.py:306: UserWarning: Trying to unpickle estimator SVC from version 0.20.2 when using version 0.21.1. This might lead to breaking code or invalid results. Use at your own risk.
  UserWarning)

Rasa process starting
Added 'nlp_spacy' to component cache. Key 'nlp_spacy-en'.
/home/bjit-554/anaconda3/envs/chatbot_env/lib/python3.6/site-packages/sklearn/externals/joblib/__init__.py:15: DeprecationWarning: sklearn.externals.joblib is deprecated in 0.21 and will be removed in 0.23. Please import this functionality directly from joblib, which can be installed with: pip install joblib. If this warning is raised when loading pickled models, you may need to re-serialize those models with scikit-learn 0.21+.
  warnings.warn(msg, category=DeprecationWarning)

/home/bjit-554/anaconda3/envs/chatbot_env/lib/python3.6/site-packages/sklearn/base.py:306: UserWarning: Trying to unpickle estimator LabelEncoder from version 0.20.2 when using version 0.21.1. This might lead to breaking code or invalid results. Use at your own risk.
  UserWarning)

/home/bjit-554/anaconda3/envs/chatbot_env/lib/python3.6/site-packages/sklearn/base.py:306: UserWarning: Trying to unpickle estimator SVC from version 0.20.2 when using version 0.21.1. This might lead to breaking code or invalid results. Use at your own risk.
  UserWarning)

Rasa process starting
Added 'nlp_spacy' to component cache. Key 'nlp_spacy-en'.
/home/bjit-554/anaconda3/envs/chatbot_env/lib/python3.6/site-packages/sklearn/externals/joblib/__init__.py:15: DeprecationWarning: sklearn.externals.joblib is deprecated in 0.21 and will be removed in 0.23. Please import this functionality directly from joblib, which can be installed with: pip install joblib. If this warning is raised when loading pickled models, you may need to re-serialize those models with scikit-learn 0.21+.
  warnings.warn(msg, category=DeprecationWarning)

/home/bjit-554/anaconda3/envs/chatbot_env/lib/python3.6/site-packages/sklearn/base.py:306: UserWarning: Trying to unpickle estimator LabelEncoder from version 0.20.2 when using version 0.21.1. This might lead to breaking code or invalid results. Use at your own risk.
  UserWarning)

/home/bjit-554/anaconda3/envs/chatbot_env/lib/python3.6/site-packages/sklearn/base.py:306: UserWarning: Trying to unpickle estimator SVC from version 0.20.2 when using version 0.21.1. This might lead to breaking code or invalid results. Use at your own risk.
  UserWarning)

Rasa process starting
Added 'nlp_spacy' to component cache. Key 'nlp_spacy-en'.
Rasa Core server is up and running on http://localhost:5005
Failed to run custom action 'action_match_news'. Action server responded with a non 200 status code of 404. Make sure your action server properly runs actions and returns a 200 once the action is executed. Error: 404 Client Error: NOT FOUND for url: http://localhost:5055/webhook/
Encountered an exception while running action 'action_match_news'. Bot will continue, but the actions events are lost. Make sure to fix the exception in your custom code.
Rasa process starting
Added 'nlp_spacy' to component cache. Key 'nlp_spacy-en'.
Rasa Core server is up and running on http://localhost:5005
Failed to run custom action 'action_match_news'. Action server responded with a non 200 status code of 404. Make sure your action server properly runs actions and returns a 200 once the action is executed. Error: 404 Client Error: NOT FOUND for url: http://localhost:5055/webhook/
Encountered an exception while running action 'action_match_news'. Bot will continue, but the actions events are lost. Make sure to fix the exception in your custom code.
Rasa process starting
Added 'nlp_spacy' to component cache. Key 'nlp_spacy-en'.
Rasa Core server is up and running on http://localhost:5005
Failed to run custom action 'action_match_news'. Action server responded with a non 200 status code of 404. Make sure your action server properly runs actions and returns a 200 once the action is executed. Error: 404 Client Error: NOT FOUND for url: http://localhost:5055/webhook/
Encountered an exception while running action 'action_match_news'. Bot will continue, but the actions events are lost. Make sure to fix the exception in your custom code.
Rasa process starting
Added 'nlp_spacy' to component cache. Key 'nlp_spacy-en'.
Rasa Core server is up and running on http://localhost:5005
Failed to run custom action 'action_match_news'. Action server responded with a non 200 status code of 404. Make sure your action server properly runs actions and returns a 200 once the action is executed. Error: 404 Client Error: NOT FOUND for url: http://localhost:5055/webhook/
Encountered an exception while running action 'action_match_news'. Bot will continue, but the actions events are lost. Make sure to fix the exception in your custom code.
Rasa process starting
Added 'nlp_spacy' to component cache. Key 'nlp_spacy-en'.
Rasa Core server is up and running on http://localhost:5005
Failed to run custom action 'action_match_news'. Action server responded with a non 200 status code of 404. Make sure your action server properly runs actions and returns a 200 once the action is executed. Error: 404 Client Error: NOT FOUND for url: http://localhost:5055/
Encountered an exception while running action 'action_match_news'. Bot will continue, but the actions events are lost. Make sure to fix the exception in your custom code.
Rasa process starting
Added 'nlp_spacy' to component cache. Key 'nlp_spacy-en'.
Rasa Core server is up and running on http://localhost:5005
Failed to run custom action 'action_match_news'. Action server responded with a non 200 status code of 404. Make sure your action server properly runs actions and returns a 200 once the action is executed. Error: 404 Client Error: NOT FOUND for url: http://localhost:5055/
Encountered an exception while running action 'action_match_news'. Bot will continue, but the actions events are lost. Make sure to fix the exception in your custom code.
Rasa process starting
Added 'nlp_spacy' to component cache. Key 'nlp_spacy-en'.
Rasa Core server is up and running on http://localhost:5005
Failed to run custom action 'action_match_news'. Action server responded with a non 200 status code of 404. Make sure your action server properly runs actions and returns a 200 once the action is executed. Error: 404 Client Error: NOT FOUND for url: http://localhost:5055/
Encountered an exception while running action 'action_match_news'. Bot will continue, but the actions events are lost. Make sure to fix the exception in your custom code.
Rasa process starting
Added 'nlp_spacy' to component cache. Key 'nlp_spacy-en'.
Rasa Core server is up and running on http://localhost:5005
Failed to run custom action 'action_match_news'. Action server responded with a non 200 status code of 404. Make sure your action server properly runs actions and returns a 200 once the action is executed. Error: 404 Client Error: NOT FOUND for url: http://localhost:5055/
Encountered an exception while running action 'action_match_news'. Bot will continue, but the actions events are lost. Make sure to fix the exception in your custom code.
Rasa process starting
Added 'nlp_spacy' to component cache. Key 'nlp_spacy-en'.
Rasa Core server is up and running on http://localhost:5005
Failed to run custom action 'action_match_news'. Action server responded with a non 200 status code of 404. Make sure your action server properly runs actions and returns a 200 once the action is executed. Error: 404 Client Error: NOT FOUND for url: http://localhost:5055/
Encountered an exception while running action 'action_match_news'. Bot will continue, but the actions events are lost. Make sure to fix the exception in your custom code.
Rasa process starting
Added 'nlp_spacy' to component cache. Key 'nlp_spacy-en'.
Rasa Core server is up and running on http://localhost:5005
Rasa process starting
Added 'nlp_spacy' to component cache. Key 'nlp_spacy-en'.
Rasa process starting
Added 'nlp_spacy' to component cache. Key 'nlp_spacy-en'.
Rasa Core server is up and running on http://localhost:5005
Failed to run custom action 'action_match_news'. Action server responded with a non 200 status code of 404. Make sure your action server properly runs actions and returns a 200 once the action is executed. Error: 404 Client Error: NOT FOUND for url: http://localhost:5055/
Encountered an exception while running action 'action_match_news'. Bot will continue, but the actions events are lost. Make sure to fix the exception in your custom code.
Rasa process starting
Added 'nlp_spacy' to component cache. Key 'nlp_spacy-en'.
Rasa Core server is up and running on http://localhost:5005
Failed to run custom action 'action_match_news'. Action server responded with a non 200 status code of 500. Make sure your action server properly runs actions and returns a 200 once the action is executed. Error: 500 Server Error: INTERNAL SERVER ERROR for url: http://localhost:5055/webhook
Encountered an exception while running action 'action_match_news'. Bot will continue, but the actions events are lost. Make sure to fix the exception in your custom code.
Failed to run custom action 'action_match_news'. Action server responded with a non 200 status code of 500. Make sure your action server properly runs actions and returns a 200 once the action is executed. Error: 500 Server Error: INTERNAL SERVER ERROR for url: http://localhost:5055/webhook
Encountered an exception while running action 'action_match_news'. Bot will continue, but the actions events are lost. Make sure to fix the exception in your custom code.
Rasa process starting
Added 'nlp_spacy' to component cache. Key 'nlp_spacy-en'.
Rasa Core server is up and running on http://localhost:5005
Rasa process starting
Added 'nlp_spacy' to component cache. Key 'nlp_spacy-en'.
Rasa Core server is up and running on http://localhost:5005
Failed to run custom action 'action_match_news'. Action server responded with a non 200 status code of 500. Make sure your action server properly runs actions and returns a 200 once the action is executed. Error: 500 Server Error: INTERNAL SERVER ERROR for url: http://localhost:5055/webhook
Encountered an exception while running action 'action_match_news'. Bot will continue, but the actions events are lost. Make sure to fix the exception in your custom code.
Failed to run custom action 'action_match_news'. Action server responded with a non 200 status code of 500. Make sure your action server properly runs actions and returns a 200 once the action is executed. Error: 500 Server Error: INTERNAL SERVER ERROR for url: http://localhost:5055/webhook
Encountered an exception while running action 'action_match_news'. Bot will continue, but the actions events are lost. Make sure to fix the exception in your custom code.
Rasa process starting
Added 'nlp_spacy' to component cache. Key 'nlp_spacy-en'.
Rasa Core server is up and running on http://localhost:5005
Failed to run custom action 'action_match_news'. Action server responded with a non 200 status code of 500. Make sure your action server properly runs actions and returns a 200 once the action is executed. Error: 500 Server Error: INTERNAL SERVER ERROR for url: http://localhost:5055/webhook
Encountered an exception while running action 'action_match_news'. Bot will continue, but the actions events are lost. Make sure to fix the exception in your custom code.
Failed to run custom action 'action_match_news'. Action server responded with a non 200 status code of 500. Make sure your action server properly runs actions and returns a 200 once the action is executed. Error: 500 Server Error: INTERNAL SERVER ERROR for url: http://localhost:5055/webhook
Encountered an exception while running action 'action_match_news'. Bot will continue, but the actions events are lost. Make sure to fix the exception in your custom code.
Rasa process starting
Added 'nlp_spacy' to component cache. Key 'nlp_spacy-en'.
Rasa Core server is up and running on http://localhost:5005
Rasa process starting
Added 'nlp_spacy' to component cache. Key 'nlp_spacy-en'.
Rasa Core server is up and running on http://localhost:5005
Rasa process starting
Added 'nlp_spacy' to component cache. Key 'nlp_spacy-en'.
Rasa Core server is up and running on http://localhost:5005
Failed to run custom action 'action_match_news'. Action server responded with a non 200 status code of 500. Make sure your action server properly runs actions and returns a 200 once the action is executed. Error: 500 Server Error: INTERNAL SERVER ERROR for url: http://localhost:5055/webhook
Encountered an exception while running action 'action_match_news'. Bot will continue, but the actions events are lost. Make sure to fix the exception in your custom code.
Rasa process starting
Added 'nlp_spacy' to component cache. Key 'nlp_spacy-en'.
Rasa Core server is up and running on http://localhost:5005
Failed to run custom action 'action_match_news'. Action server responded with a non 200 status code of 500. Make sure your action server properly runs actions and returns a 200 once the action is executed. Error: 500 Server Error: INTERNAL SERVER ERROR for url: http://localhost:5055/webhook
Encountered an exception while running action 'action_match_news'. Bot will continue, but the actions events are lost. Make sure to fix the exception in your custom code.
Rasa process starting
Added 'nlp_spacy' to component cache. Key 'nlp_spacy-en'.
Rasa Core server is up and running on http://localhost:5005
Rasa process starting
Added 'nlp_spacy' to component cache. Key 'nlp_spacy-en'.
Rasa Core server is up and running on http://localhost:5005
Rasa process starting
Added 'nlp_spacy' to component cache. Key 'nlp_spacy-en'.
Rasa Core server is up and running on http://localhost:5005
Failed to run custom action 'action_match_news'. Action server responded with a non 200 status code of 500. Make sure your action server properly runs actions and returns a 200 once the action is executed. Error: 500 Server Error: INTERNAL SERVER ERROR for url: http://localhost:5055/webhook
Encountered an exception while running action 'action_match_news'. Bot will continue, but the actions events are lost. Make sure to fix the exception in your custom code.
Rasa process starting
Added 'nlp_spacy' to component cache. Key 'nlp_spacy-en'.
Rasa Core server is up and running on http://localhost:5005
Rasa process starting
Added 'nlp_spacy' to component cache. Key 'nlp_spacy-en'.
Rasa Core server is up and running on http://localhost:5005
Rasa process starting
Added 'nlp_spacy' to component cache. Key 'nlp_spacy-en'.
Rasa Core server is up and running on http://localhost:5005
Rasa process starting
Added 'nlp_spacy' to component cache. Key 'nlp_spacy-en'.
Rasa Core server is up and running on http://localhost:5005
Failed to run custom action 'action_match_news'. Action server responded with a non 200 status code of 500. Make sure your action server properly runs actions and returns a 200 once the action is executed. Error: 500 Server Error: INTERNAL SERVER ERROR for url: http://localhost:5055/webhook
Encountered an exception while running action 'action_match_news'. Bot will continue, but the actions events are lost. Make sure to fix the exception in your custom code.
Rasa process starting
Added 'nlp_spacy' to component cache. Key 'nlp_spacy-en'.
Rasa Core server is up and running on http://localhost:5005
Encountered an exception while running action 'action_match_news'. Bot will continue, but the actions events are lost. Make sure to fix the exception in your custom code.
Encountered an exception while running action 'action_match_news'. Bot will continue, but the actions events are lost. Make sure to fix the exception in your custom code.
Encountered an exception while running action 'action_match_news'. Bot will continue, but the actions events are lost. Make sure to fix the exception in your custom code.
Encountered an exception while running action 'action_match_news'. Bot will continue, but the actions events are lost. Make sure to fix the exception in your custom code.
Failed to run custom action 'action_match_news'. Action server responded with a non 200 status code of 500. Make sure your action server properly runs actions and returns a 200 once the action is executed. Error: 500 Server Error: INTERNAL SERVER ERROR for url: http://localhost:5055/webhook
Encountered an exception while running action 'action_match_news'. Bot will continue, but the actions events are lost. Make sure to fix the exception in your custom code.
Failed to run custom action 'action_match_news'. Action server responded with a non 200 status code of 500. Make sure your action server properly runs actions and returns a 200 once the action is executed. Error: 500 Server Error: INTERNAL SERVER ERROR for url: http://localhost:5055/webhook
Encountered an exception while running action 'action_match_news'. Bot will continue, but the actions events are lost. Make sure to fix the exception in your custom code.
Failed to run custom action 'action_match_news'. Action server responded with a non 200 status code of 500. Make sure your action server properly runs actions and returns a 200 once the action is executed. Error: 500 Server Error: INTERNAL SERVER ERROR for url: http://localhost:5055/webhook
Encountered an exception while running action 'action_match_news'. Bot will continue, but the actions events are lost. Make sure to fix the exception in your custom code.
Failed to run custom action 'action_match_news'. Action server responded with a non 200 status code of 500. Make sure your action server properly runs actions and returns a 200 once the action is executed. Error: 500 Server Error: INTERNAL SERVER ERROR for url: http://localhost:5055/webhook
Encountered an exception while running action 'action_match_news'. Bot will continue, but the actions events are lost. Make sure to fix the exception in your custom code.
Failed to run custom action 'action_match_news'. Action server responded with a non 200 status code of 500. Make sure your action server properly runs actions and returns a 200 once the action is executed. Error: 500 Server Error: INTERNAL SERVER ERROR for url: http://localhost:5055/webhook
Encountered an exception while running action 'action_match_news'. Bot will continue, but the actions events are lost. Make sure to fix the exception in your custom code.
Failed to run custom action 'action_match_news'. Action server responded with a non 200 status code of 500. Make sure your action server properly runs actions and returns a 200 once the action is executed. Error: 500 Server Error: INTERNAL SERVER ERROR for url: http://localhost:5055/webhook
Encountered an exception while running action 'action_match_news'. Bot will continue, but the actions events are lost. Make sure to fix the exception in your custom code.
Failed to run custom action 'action_match_news'. Action server responded with a non 200 status code of 500. Make sure your action server properly runs actions and returns a 200 once the action is executed. Error: 500 Server Error: INTERNAL SERVER ERROR for url: http://localhost:5055/webhook
Encountered an exception while running action 'action_match_news'. Bot will continue, but the actions events are lost. Make sure to fix the exception in your custom code.
Rasa process starting
Added 'nlp_spacy' to component cache. Key 'nlp_spacy-en'.
Rasa Core server is up and running on http://localhost:5005
Rasa process starting
Added 'nlp_spacy' to component cache. Key 'nlp_spacy-en'.
Rasa process starting
Added 'nlp_spacy' to component cache. Key 'nlp_spacy-en'.
Rasa Core server is up and running on http://localhost:5005
Rasa process starting
Added 'nlp_spacy' to component cache. Key 'nlp_spacy-en'.
Rasa Core server is up and running on http://localhost:5005
Rasa process starting
Added 'nlp_spacy' to component cache. Key 'nlp_spacy-en'.
Rasa Core server is up and running on http://localhost:5005
Rasa process starting
Added 'nlp_spacy' to component cache. Key 'nlp_spacy-en'.
Rasa Core server is up and running on http://localhost:5005
Rasa process starting
Added 'nlp_spacy' to component cache. Key 'nlp_spacy-en'.
Rasa Core server is up and running on http://localhost:5005
Rasa process starting
Added 'nlp_spacy' to component cache. Key 'nlp_spacy-en'.
Rasa Core server is up and running on http://localhost:5005
Rasa process starting
Added 'nlp_spacy' to component cache. Key 'nlp_spacy-en'.
Rasa Core server is up and running on http://localhost:5005
Rasa process starting
Added 'nlp_spacy' to component cache. Key 'nlp_spacy-en'.
Rasa Core server is up and running on http://localhost:5005
Rasa process starting
Added 'nlp_spacy' to component cache. Key 'nlp_spacy-en'.
Rasa Core server is up and running on http://localhost:5005
Rasa process starting
Added 'nlp_spacy' to component cache. Key 'nlp_spacy-en'.
Rasa Core server is up and running on http://localhost:5005
Rasa process starting
Added 'nlp_spacy' to component cache. Key 'nlp_spacy-en'.
Rasa Core server is up and running on http://localhost:5005
Failed to run custom action 'result_particular_match'. Action server responded with a non 200 status code of 500. Make sure your action server properly runs actions and returns a 200 once the action is executed. Error: 500 Server Error: INTERNAL SERVER ERROR for url: http://localhost:5055/webhook
Encountered an exception while running action 'result_particular_match'. Bot will continue, but the actions events are lost. Make sure to fix the exception in your custom code.
Failed to run custom action 'result_particular_match'. Action server responded with a non 200 status code of 500. Make sure your action server properly runs actions and returns a 200 once the action is executed. Error: 500 Server Error: INTERNAL SERVER ERROR for url: http://localhost:5055/webhook
Encountered an exception while running action 'result_particular_match'. Bot will continue, but the actions events are lost. Make sure to fix the exception in your custom code.
Rasa process starting
Added 'nlp_spacy' to component cache. Key 'nlp_spacy-en'.
Rasa Core server is up and running on http://localhost:5005
Encountered an exception while running action 'result_particular_match'. Bot will continue, but the actions events are lost. Make sure to fix the exception in your custom code.
Encountered an exception while running action 'result_particular_match'. Bot will continue, but the actions events are lost. Make sure to fix the exception in your custom code.
Encountered an exception while running action 'result_particular_match'. Bot will continue, but the actions events are lost. Make sure to fix the exception in your custom code.
Encountered an exception while running action 'result_particular_match'. Bot will continue, but the actions events are lost. Make sure to fix the exception in your custom code.
Encountered an exception while running action 'result_particular_match'. Bot will continue, but the actions events are lost. Make sure to fix the exception in your custom code.
Failed to run custom action 'action_match_news'. Action server responded with a non 200 status code of 500. Make sure your action server properly runs actions and returns a 200 once the action is executed. Error: 500 Server Error: INTERNAL SERVER ERROR for url: http://localhost:5055/webhook
Encountered an exception while running action 'action_match_news'. Bot will continue, but the actions events are lost. Make sure to fix the exception in your custom code.
Encountered an exception while running action 'result_particular_match'. Bot will continue, but the actions events are lost. Make sure to fix the exception in your custom code.
Encountered an exception while running action 'result_particular_match'. Bot will continue, but the actions events are lost. Make sure to fix the exception in your custom code.
Encountered an exception while running action 'result_particular_match'. Bot will continue, but the actions events are lost. Make sure to fix the exception in your custom code.
Encountered an exception while running action 'result_particular_match'. Bot will continue, but the actions events are lost. Make sure to fix the exception in your custom code.
Encountered an exception while running action 'result_particular_match'. Bot will continue, but the actions events are lost. Make sure to fix the exception in your custom code.
Encountered an exception while running action 'result_particular_match'. Bot will continue, but the actions events are lost. Make sure to fix the exception in your custom code.
Failed to run custom action 'result_particular_match'. Action server responded with a non 200 status code of 500. Make sure your action server properly runs actions and returns a 200 once the action is executed. Error: 500 Server Error: INTERNAL SERVER ERROR for url: http://localhost:5055/webhook
Encountered an exception while running action 'result_particular_match'. Bot will continue, but the actions events are lost. Make sure to fix the exception in your custom code.
Rasa process starting
Added 'nlp_spacy' to component cache. Key 'nlp_spacy-en'.
Rasa Core server is up and running on http://localhost:5005
